<?xml version="1.0" encoding="UTF-8"?>
<!-- Generated by org.testng.reporters.JUnitReportReporter -->
<testsuite hostname="DESKTOP-QVM6J4J" failures="0" tests="1" name="Test.Test_3" time="5.663" errors="0" timestamp="2022-09-28T08:22:50 IST" skipped="0">
  <testcase classname="Test.Test_3" name="test2" time="5.663"/>
  <system-out/>
</testsuite> <!-- Test.Test_3 -->
