<?xml version="1.0" encoding="UTF-8"?>
<!-- Generated by org.testng.reporters.JUnitReportReporter -->
<testsuite hostname="DESKTOP-QVM6J4J" failures="0" tests="1" name="Test.Test_4" time="3.913" errors="0" timestamp="2022-09-28T08:22:50 IST" skipped="0">
  <testcase classname="Test.Test_4" name="test3" time="3.913"/>
  <system-out/>
</testsuite> <!-- Test.Test_4 -->
