<?xml version="1.0" encoding="UTF-8"?>
<!-- Generated by org.testng.reporters.JUnitReportReporter -->
<testsuite hostname="DESKTOP-QVM6J4J" failures="0" tests="1" name="Test.TestDemo" time="6.976" errors="0" timestamp="2022-09-29T21:35:30 IST" skipped="0">
  <testcase classname="Test.TestDemo" name="test1" time="6.976"/>
  <system-out/>
</testsuite> <!-- Test.TestDemo -->
